mode: set
github.com/wagaru/task/internal/repository/repository.go:27.33,32.2 1 0
github.com/wagaru/task/internal/repository/repository.go:34.52,38.31 4 1
github.com/wagaru/task/internal/repository/repository.go:41.2,41.19 1 1
github.com/wagaru/task/internal/repository/repository.go:38.31,40.3 1 1
github.com/wagaru/task/internal/repository/repository.go:44.58,48.9 4 1
github.com/wagaru/task/internal/repository/repository.go:51.2,51.18 1 1
github.com/wagaru/task/internal/repository/repository.go:48.9,50.3 1 1
github.com/wagaru/task/internal/repository/repository.go:54.63,58.33 3 1
github.com/wagaru/task/internal/repository/repository.go:61.2,69.18 4 1
github.com/wagaru/task/internal/repository/repository.go:58.33,60.3 1 1
github.com/wagaru/task/internal/repository/repository.go:72.88,77.9 4 1
github.com/wagaru/task/internal/repository/repository.go:81.2,81.48 1 1
github.com/wagaru/task/internal/repository/repository.go:84.2,89.18 5 1
github.com/wagaru/task/internal/repository/repository.go:77.9,79.3 1 1
github.com/wagaru/task/internal/repository/repository.go:81.48,83.3 1 1
github.com/wagaru/task/internal/repository/repository.go:92.46,97.9 4 1
github.com/wagaru/task/internal/repository/repository.go:101.2,103.12 3 1
github.com/wagaru/task/internal/repository/repository.go:97.9,99.3 1 1
github.com/wagaru/task/internal/service/service.go:20.53,24.2 1 1
github.com/wagaru/task/internal/service/service.go:26.53,28.2 1 1
github.com/wagaru/task/internal/service/service.go:30.59,32.2 1 1
github.com/wagaru/task/internal/service/service.go:34.64,36.2 1 1
github.com/wagaru/task/internal/service/service.go:38.89,40.2 1 1
github.com/wagaru/task/internal/service/service.go:42.47,44.2 1 1
github.com/wagaru/task/internal/delivery/delivery.go:23.78,36.2 5 1
github.com/wagaru/task/internal/delivery/delivery.go:38.33,44.2 5 1
github.com/wagaru/task/internal/delivery/delivery.go:46.32,49.2 2 0
github.com/wagaru/task/internal/delivery/delivery.go:51.56,53.2 1 0
github.com/wagaru/task/internal/delivery/delivery.go:55.45,57.16 2 1
github.com/wagaru/task/internal/delivery/delivery.go:61.2,64.38 2 1
github.com/wagaru/task/internal/delivery/delivery.go:57.16,60.3 2 1
github.com/wagaru/task/internal/delivery/delivery.go:67.47,70.49 3 1
github.com/wagaru/task/internal/delivery/delivery.go:74.2,75.16 2 1
github.com/wagaru/task/internal/delivery/delivery.go:79.2,82.43 2 1
github.com/wagaru/task/internal/delivery/delivery.go:70.49,73.3 2 1
github.com/wagaru/task/internal/delivery/delivery.go:75.16,78.3 2 1
github.com/wagaru/task/internal/delivery/delivery.go:85.47,87.50 2 1
github.com/wagaru/task/internal/delivery/delivery.go:91.2,94.16 4 1
github.com/wagaru/task/internal/delivery/delivery.go:98.2,101.38 2 1
github.com/wagaru/task/internal/delivery/delivery.go:87.50,90.3 2 1
github.com/wagaru/task/internal/delivery/delivery.go:94.16,97.3 2 1
github.com/wagaru/task/internal/delivery/delivery.go:104.47,108.16 4 1
github.com/wagaru/task/internal/delivery/delivery.go:112.2,112.37 1 1
github.com/wagaru/task/internal/delivery/delivery.go:108.16,111.3 2 1
github.com/wagaru/task/internal/delivery/delivery.go:115.44,117.2 1 0
github.com/wagaru/task/internal/delivery/response.go:8.77,9.17 1 1
github.com/wagaru/task/internal/delivery/response.go:12.2,12.22 1 1
github.com/wagaru/task/internal/delivery/response.go:9.17,11.3 1 1
github.com/wagaru/task/internal/delivery/response.go:15.63,17.9 2 1
github.com/wagaru/task/internal/delivery/response.go:21.2,25.30 2 1
github.com/wagaru/task/internal/delivery/response.go:17.9,19.3 1 1
